<?xml version="1.0" encoding="UTF-8"?>
<testsuite name="com.example.horsegenetics.common.genetics.GenomeTest" tests="7" skipped="0" failures="0" errors="0" timestamp="2026-09-01T21:35:25.544Z" hostname="PERDIX" time="0.011">
  <properties/>
  <testcase name="aTiedPriorityIsBumpedOneStepSoTheTwoCopiesNeverMatch()" classname="com.example.horsegenetics.common.genetics.GenomeTest" time="0.001"/>
  <testcase name="aBumpNeverPushesPriorityOutOfRange()" classname="com.example.horsegenetics.common.genetics.GenomeTest" time="0.001"/>
  <testcase name="theGenotypeHalfBreedsExactlyLikeGenotypeBreedWith()" classname="com.example.horsegenetics.common.genetics.GenomeTest" time="0.002"/>
  <testcase name="deconflictMovesTheSecondCopyOneStepAndOnlyOnATie()" classname="com.example.horsegenetics.common.genetics.GenomeTest" time="0.0"/>
  <testcase name="anInheritedAlleleBringsItsOwnEpigeneticsAlongUnchanged()" classname="com.example.horsegenetics.common.genetics.GenomeTest" time="0.001"/>
  <testcase name="epigeneticsFollowTheirAlleleWhenThePairIsReordered()" classname="com.example.horsegenetics.common.genetics.GenomeTest" time="0.0"/>
  <testcase name="aGenomeRoundTripsThroughItsTwoCodes()" classname="com.example.horsegenetics.common.genetics.GenomeTest" time="0.001"/>
  <system-out><![CDATA[]]></system-out>
  <system-err><![CDATA[]]></system-err>
</testsuite>
