<?xml version="1.0" encoding="UTF-8"?>
<testsuite name="com.example.horsegenetics.common.name.HorseNamesTest" tests="3" skipped="0" failures="0" errors="0" timestamp="2026-08-30T23:49:26.458Z" hostname="PERDIX" time="0.003">
  <properties/>
  <testcase name="neverBothHalvesFromOneParent()" classname="com.example.horsegenetics.common.name.HorseNamesTest" time="0.002"/>
  <testcase name="firstFromDamMeansLastFromSire()" classname="com.example.horsegenetics.common.name.HorseNamesTest" time="0.001"/>
  <testcase name="firstFromSireMeansLastFromDam()" classname="com.example.horsegenetics.common.name.HorseNamesTest" time="0.0"/>
  <system-out><![CDATA[]]></system-out>
  <system-err><![CDATA[]]></system-err>
</testsuite>
