<?xml version="1.0" encoding="UTF-8"?>
<testsuite name="com.example.horsegenetics.common.genetics.GenotypeTest" tests="38" skipped="0" failures="0" errors="0" timestamp="2026-08-30T18:24:06.135Z" hostname="PERDIX" time="0.085">
  <properties/>
  <testcase name="randomAllDominantDrawsIsBay()" classname="com.example.horsegenetics.common.genetics.GenotypeTest" time="0.007"/>
  <testcase name="chestnutIgnoresAgouti()" classname="com.example.horsegenetics.common.genetics.GenotypeTest" time="0.0"/>
  <testcase name="isAgoutiTrueWithAnyDominantA()" classname="com.example.horsegenetics.common.genetics.GenotypeTest" time="0.0"/>
  <testcase name="randomAllRecessiveDrawsIsChestnut()" classname="com.example.horsegenetics.common.genetics.GenotypeTest" time="0.001"/>
  <testcase name="wrongLocusOrderRejected()" classname="com.example.horsegenetics.common.genetics.GenotypeTest" time="0.001"/>
  <testcase name="ofCanonicalizesRegardlessOfArgOrder()" classname="com.example.horsegenetics.common.genetics.GenotypeTest" time="0.0"/>
  <testcase name="[1] XxAa" classname="com.example.horsegenetics.common.genetics.GenotypeTest" time="0.001"/>
  <testcase name="[2] EeYy" classname="com.example.horsegenetics.common.genetics.GenotypeTest" time="0.001"/>
  <testcase name="[3] 1234" classname="com.example.horsegenetics.common.genetics.GenotypeTest" time="0.0"/>
  <testcase name="[4] BbAa" classname="com.example.horsegenetics.common.genetics.GenotypeTest" time="0.001"/>
  <testcase name="[5] EEaX" classname="com.example.horsegenetics.common.genetics.GenotypeTest" time="0.001"/>
  <testcase name="parseAndOfAgreeAndRoundTripThroughToCode()" classname="com.example.horsegenetics.common.genetics.GenotypeTest" time="0.0"/>
  <testcase name="[1] " classname="com.example.horsegenetics.common.genetics.GenotypeTest" time="0.002"/>
  <testcase name="[2] Ee" classname="com.example.horsegenetics.common.genetics.GenotypeTest" time="0.0"/>
  <testcase name="[3] EeA" classname="com.example.horsegenetics.common.genetics.GenotypeTest" time="0.0"/>
  <testcase name="[4] EeAaa" classname="com.example.horsegenetics.common.genetics.GenotypeTest" time="0.001"/>
  <testcase name="[5] EeAa " classname="com.example.horsegenetics.common.genetics.GenotypeTest" time="0.001"/>
  <testcase name="[6] eeaa&#10;" classname="com.example.horsegenetics.common.genetics.GenotypeTest" time="0.0"/>
  <testcase name="randomHeterozygousDraws()" classname="com.example.horsegenetics.common.genetics.GenotypeTest" time="0.0"/>
  <testcase name="equalsIgnoresInputOrdering()" classname="com.example.horsegenetics.common.genetics.GenotypeTest" time="0.0"/>
  <testcase name="differentGenotypesAreNotEqual()" classname="com.example.horsegenetics.common.genetics.GenotypeTest" time="0.001"/>
  <testcase name="hasBlackPigmentFalseForHomozygousRecessiveE()" classname="com.example.horsegenetics.common.genetics.GenotypeTest" time="0.001"/>
  <testcase name="parseRejectsNull()" classname="com.example.horsegenetics.common.genetics.GenotypeTest" time="0.001"/>
  <testcase name="parse(eEaA) -&gt; EeAa" classname="com.example.horsegenetics.common.genetics.GenotypeTest" time="0.0"/>
  <testcase name="parse(eEAa) -&gt; EeAa" classname="com.example.horsegenetics.common.genetics.GenotypeTest" time="0.0"/>
  <testcase name="parse(Eeaa) -&gt; Eeaa" classname="com.example.horsegenetics.common.genetics.GenotypeTest" time="0.0"/>
  <testcase name="parse(eeaa) -&gt; eeaa" classname="com.example.horsegenetics.common.genetics.GenotypeTest" time="0.001"/>
  <testcase name="parse(EEAA) -&gt; EEAA" classname="com.example.horsegenetics.common.genetics.GenotypeTest" time="0.001"/>
  <testcase name="hasBlackPigmentTrueWithAnyDominantE()" classname="com.example.horsegenetics.common.genetics.GenotypeTest" time="0.001"/>
  <testcase name="eeaa -&gt; CHESTNUT" classname="com.example.horsegenetics.common.genetics.GenotypeTest" time="0.001"/>
  <testcase name="eeAa -&gt; CHESTNUT" classname="com.example.horsegenetics.common.genetics.GenotypeTest" time="0.001"/>
  <testcase name="eeAA -&gt; CHESTNUT" classname="com.example.horsegenetics.common.genetics.GenotypeTest" time="0.001"/>
  <testcase name="Eeaa -&gt; BLACK" classname="com.example.horsegenetics.common.genetics.GenotypeTest" time="0.001"/>
  <testcase name="EEaa -&gt; BLACK" classname="com.example.horsegenetics.common.genetics.GenotypeTest" time="0.001"/>
  <testcase name="EeAa -&gt; BAY" classname="com.example.horsegenetics.common.genetics.GenotypeTest" time="0.0"/>
  <testcase name="EeAA -&gt; BAY" classname="com.example.horsegenetics.common.genetics.GenotypeTest" time="0.0"/>
  <testcase name="EEAa -&gt; BAY" classname="com.example.horsegenetics.common.genetics.GenotypeTest" time="0.0"/>
  <testcase name="EEAA -&gt; BAY" classname="com.example.horsegenetics.common.genetics.GenotypeTest" time="0.0"/>
  <system-out><![CDATA[]]></system-out>
  <system-err><![CDATA[]]></system-err>
</testsuite>
