<?xml version="1.0" encoding="UTF-8"?>
<testsuite name="com.example.horsegenetics.common.coat.CoatTextureIdTest" tests="4" skipped="0" failures="0" errors="0" timestamp="2026-09-01T14:55:25.627Z" hostname="PERDIX" time="0.524">
  <properties/>
  <testcase name="roundTrips()" classname="com.example.horsegenetics.common.coat.CoatTextureIdTest" time="0.002"/>
  <testcase name="everyGenotypeGetsItsOwnTextureId()" classname="com.example.horsegenetics.common.coat.CoatTextureIdTest" time="0.388"/>
  <testcase name="dominanceSurvivesTheEncoding()" classname="com.example.horsegenetics.common.coat.CoatTextureIdTest" time="0.001"/>
  <testcase name="encodedIdsUseOnlyLegalResourcePathCharacters()" classname="com.example.horsegenetics.common.coat.CoatTextureIdTest" time="0.132"/>
  <system-out><![CDATA[]]></system-out>
  <system-err><![CDATA[]]></system-err>
</testsuite>
