<?xml version="1.0" encoding="UTF-8"?>
<testsuite name="com.example.horsegenetics.common.genetics.GeneticCodeCombinerTest" tests="3" skipped="0" failures="0" errors="0" timestamp="2026-08-31T14:47:47.335Z" hostname="PERDIX" time="0.007">
  <properties/>
  <testcase name="homozygousDominantCrossHomozygousRecessiveIsHeterozygous()" classname="com.example.horsegenetics.common.genetics.GeneticCodeCombinerTest" time="0.001"/>
  <testcase name="everyGeneSegregates()" classname="com.example.horsegenetics.common.genetics.GeneticCodeCombinerTest" time="0.0"/>
  <testcase name="rejectsMalformedCodes()" classname="com.example.horsegenetics.common.genetics.GeneticCodeCombinerTest" time="0.005"/>
  <system-out><![CDATA[]]></system-out>
  <system-err><![CDATA[]]></system-err>
</testsuite>
