<?xml version="1.0" encoding="UTF-8"?>
<testsuite name="com.example.horsegenetics.common.horse.HorseRecordTest" tests="11" skipped="0" failures="0" errors="0" timestamp="2026-08-31T06:09:37.002Z" hostname="PERDIX" time="0.012">
  <properties/>
  <testcase name="negativeGenerationClamped()" classname="com.example.horsegenetics.common.horse.HorseRecordTest" time="0.001"/>
  <testcase name="hasNameIsFalseOnlyWhenEverythingIsBlank()" classname="com.example.horsegenetics.common.horse.HorseRecordTest" time="0.0"/>
  <testcase name="founderHasNoParentsGenerationZeroNoAttribution()" classname="com.example.horsegenetics.common.horse.HorseRecordTest" time="0.001"/>
  <testcase name="attributionIsBreederThenTamer()" classname="com.example.horsegenetics.common.horse.HorseRecordTest" time="0.0"/>
  <testcase name="parentStatsRanksAgainstBothParents()" classname="com.example.horsegenetics.common.horse.HorseRecordTest" time="0.001"/>
  <testcase name="statsRoundUpAndClampAndDriveHasStats()" classname="com.example.horsegenetics.common.horse.HorseRecordTest" time="0.0"/>
  <testcase name="withersPreserveStatsAndParentStats()" classname="com.example.horsegenetics.common.horse.HorseRecordTest" time="0.0"/>
  <testcase name="bredCarriesParentsAndGeneration()" classname="com.example.horsegenetics.common.horse.HorseRecordTest" time="0.001"/>
  <testcase name="displayNamePrefersBarnNameThenFirstLast()" classname="com.example.horsegenetics.common.horse.HorseRecordTest" time="0.001"/>
  <testcase name="barnNameIsTrimmedToSixteenCharsAndBlankBecomesEmpty()" classname="com.example.horsegenetics.common.horse.HorseRecordTest" time="0.001"/>
  <testcase name="rejectsNullRequiredFields()" classname="com.example.horsegenetics.common.horse.HorseRecordTest" time="0.001"/>
  <system-out><![CDATA[]]></system-out>
  <system-err><![CDATA[]]></system-err>
</testsuite>
