<?xml version="1.0" encoding="UTF-8"?>
<testsuite name="com.example.horsegenetics.common.genetics.GeneCodeDisplayTest" tests="8" skipped="0" failures="0" errors="0" timestamp="2026-09-01T21:35:25.509Z" hostname="PERDIX" time="0.026">
  <properties/>
  <testcase name="absenceGenesUseLowercaseNWhenHeterozygousAndTheTokenDoubledWhenHomozygous()" classname="com.example.horsegenetics.common.genetics.GeneCodeDisplayTest" time="0.005"/>
  <testcase name="stringOverloadDegradesGracefullyOnAnUnparseableCode()" classname="com.example.horsegenetics.common.genetics.GeneCodeDisplayTest" time="0.012"/>
  <testcase name="stringOverloadParsesAValidCode()" classname="com.example.horsegenetics.common.genetics.GeneCodeDisplayTest" time="0.001"/>
  <testcase name="extensionAndAgoutiAlwaysLeadAndRunTogether()" classname="com.example.horsegenetics.common.genetics.GeneCodeDisplayTest" time="0.001"/>
  <testcase name="whiteGreyTestPrintBothRealTokensDominantFirst()" classname="com.example.horsegenetics.common.genetics.GeneCodeDisplayTest" time="0.001"/>
  <testcase name="theExampleFromTheDocComment()" classname="com.example.horsegenetics.common.genetics.GeneCodeDisplayTest" time="0.0"/>
  <testcase name="everythingAtOnceUsesTheDisplayOrder()" classname="com.example.horsegenetics.common.genetics.GeneCodeDisplayTest" time="0.0"/>
  <testcase name="onlyGenesWithAVariantAlleleAreListed_spaceSeparated()" classname="com.example.horsegenetics.common.genetics.GeneCodeDisplayTest" time="0.0"/>
  <system-out><![CDATA[]]></system-out>
  <system-err><![CDATA[]]></system-err>
</testsuite>
