<?xml version="1.0" encoding="UTF-8"?>
<testsuite name="com.example.horsegenetics.common.coat.skin.HorseSkinGeometryTest" tests="12" skipped="0" failures="0" errors="0" timestamp="2026-08-31T06:09:36.776Z" hostname="PERDIX" time="0.07">
  <properties/>
  <testcase name="faceOrientationIsUprightAndNotMirrored()" classname="com.example.horsegenetics.common.coat.skin.HorseSkinGeometryTest" time="0.002"/>
  <testcase name="hoovesSitAtYZero()" classname="com.example.horsegenetics.common.coat.skin.HorseSkinGeometryTest" time="0.001"/>
  <testcase name="outOfBoundsQueryClampsAndFlags()" classname="com.example.horsegenetics.common.coat.skin.HorseSkinGeometryTest" time="0.0"/>
  <testcase name="positiveZIsTheHorsesRight()" classname="com.example.horsegenetics.common.coat.skin.HorseSkinGeometryTest" time="0.0"/>
  <testcase name="allFourLegsShareTheSameXBandFrontVsHind()" classname="com.example.horsegenetics.common.coat.skin.HorseSkinGeometryTest" time="0.001"/>
  <testcase name="bodyIsCentredOnZ()" classname="com.example.horsegenetics.common.coat.skin.HorseSkinGeometryTest" time="0.0"/>
  <testcase name="everyFaceRectStaysOnTheSheet()" classname="com.example.horsegenetics.common.coat.skin.HorseSkinGeometryTest" time="0.007"/>
  <testcase name="projectRoundTripsThroughSampleForEveryMappedTexel()" classname="com.example.horsegenetics.common.coat.skin.HorseSkinGeometryTest" time="0.05"/>
  <testcase name="noseIsTheGlobalMaxX()" classname="com.example.horsegenetics.common.coat.skin.HorseSkinGeometryTest" time="0.002"/>
  <testcase name="xGradientIsContinuousFromBodyOntoAHindLeg()" classname="com.example.horsegenetics.common.coat.skin.HorseSkinGeometryTest" time="0.001"/>
  <testcase name="tailBackEdgeSitsAtXZero()" classname="com.example.horsegenetics.common.coat.skin.HorseSkinGeometryTest" time="0.001"/>
  <testcase name="mirrorPartsHaveMirroredZAndIdenticalXY()" classname="com.example.horsegenetics.common.coat.skin.HorseSkinGeometryTest" time="0.0"/>
  <system-out><![CDATA[]]></system-out>
  <system-err><![CDATA[]]></system-err>
</testsuite>
