<?xml version="1.0" encoding="UTF-8"?>
<testsuite name="com.example.horsegenetics.common.name.HorseNameGeneratorTest" tests="4" skipped="0" failures="0" errors="0" timestamp="2026-08-31T14:47:47.448Z" hostname="PERDIX" time="0.009">
  <properties/>
  <testcase name="rejectsEmptyTables()" classname="com.example.horsegenetics.common.name.HorseNameGeneratorTest" time="0.002"/>
  <testcase name="drawsAlphaThenBeta()" classname="com.example.horsegenetics.common.name.HorseNameGeneratorTest" time="0.001"/>
  <testcase name="bundledResourcesLoadAndProduceATwoPartName()" classname="com.example.horsegenetics.common.name.HorseNameGeneratorTest" time="0.005"/>
  <testcase name="joinsOneWordFromEachTableInOrder()" classname="com.example.horsegenetics.common.name.HorseNameGeneratorTest" time="0.001"/>
  <system-out><![CDATA[]]></system-out>
  <system-err><![CDATA[]]></system-err>
</testsuite>
