<?xml version="1.0" encoding="UTF-8"?>
<testsuite name="com.example.horsegenetics.common.coat.CoatTextureIdTest" tests="4" skipped="0" failures="0" errors="0" timestamp="2026-09-01T19:40:36.402Z" hostname="PERDIX" time="0.927">
  <properties/>
  <testcase name="roundTrips()" classname="com.example.horsegenetics.common.coat.CoatTextureIdTest" time="0.003"/>
  <testcase name="everyGenotypeGetsItsOwnTextureId()" classname="com.example.horsegenetics.common.coat.CoatTextureIdTest" time="0.644"/>
  <testcase name="dominanceSurvivesTheEncoding()" classname="com.example.horsegenetics.common.coat.CoatTextureIdTest" time="0.002"/>
  <testcase name="encodedIdsUseOnlyLegalResourcePathCharacters()" classname="com.example.horsegenetics.common.coat.CoatTextureIdTest" time="0.277"/>
  <system-out><![CDATA[]]></system-out>
  <system-err><![CDATA[]]></system-err>
</testsuite>
