<?xml version="1.0" encoding="UTF-8"?>
<testsuite name="com.example.horsegenetics.common.coat.pattern.CoatTextureComposerTest" tests="20" skipped="0" failures="0" errors="0" timestamp="2026-09-01T21:35:22.128Z" hostname="PERDIX" time="3.214">
  <properties/>
  <testcase name="greyOnlyGreysAdultsNotFoals()" classname="com.example.horsegenetics.common.coat.pattern.CoatTextureComposerTest" time="0.205"/>
  <testcase name="bayHasBlackManeAndDarkerLegBottoms()" classname="com.example.horsegenetics.common.coat.pattern.CoatTextureComposerTest" time="0.032"/>
  <testcase name="champagneReadsOffWhatItSitsOn()" classname="com.example.horsegenetics.common.coat.pattern.CoatTextureComposerTest" time="0.011"/>
  <testcase name="howFarGreyingHasGoneIsPerHorse()" classname="com.example.horsegenetics.common.coat.pattern.CoatTextureComposerTest" time="0.039"/>
  <testcase name="whiteHorseIsExactlyTheTemplate()" classname="com.example.horsegenetics.common.coat.pattern.CoatTextureComposerTest" time="0.008"/>
  <testcase name="testGenePaintsItsGradientFlatOnTopOfAnyBase()" classname="com.example.horsegenetics.common.coat.pattern.CoatTextureComposerTest" time="0.019"/>
  <testcase name="deterministicCoatsIgnoreTheSeedNonDeterministicOnesReplay()" classname="com.example.horsegenetics.common.coat.pattern.CoatTextureComposerTest" time="0.016"/>
  <testcase name="pureBlackIsLiftedToAbout80PercentOpacity()" classname="com.example.horsegenetics.common.coat.pattern.CoatTextureComposerTest" time="0.002"/>
  <testcase name="bayLegsDoNotAllStopAtExactlyTheSameHeight()" classname="com.example.horsegenetics.common.coat.pattern.CoatTextureComposerTest" time="0.009"/>
  <testcase name="greyIsDappledNotFlat()" classname="com.example.horsegenetics.common.coat.pattern.CoatTextureComposerTest" time="0.01"/>
  <testcase name="chestnutIsReddishAndLighterThanBlack()" classname="com.example.horsegenetics.common.coat.pattern.CoatTextureComposerTest" time="0.005"/>
  <testcase name="splashPunchesTransparentWhiteIntoTheLowerLegs()" classname="com.example.horsegenetics.common.coat.pattern.CoatTextureComposerTest" time="0.011"/>
  <testcase name="creamDiluesRedOnlyOnSingleDoseAndBothOnDouble()" classname="com.example.horsegenetics.common.coat.pattern.CoatTextureComposerTest" time="0.02"/>
  <testcase name="everyBuiltInGeneComboComposesWithoutThrowingAdultAndFoal()" classname="com.example.horsegenetics.common.coat.pattern.CoatTextureComposerTest" time="2.746"/>
  <testcase name="greyNeverEndsUpDarkerThanTheCoatItGreys()" classname="com.example.horsegenetics.common.coat.pattern.CoatTextureComposerTest" time="0.038"/>
  <testcase name="bayPointHeightVariesFromHorseToHorse()" classname="com.example.horsegenetics.common.coat.pattern.CoatTextureComposerTest" time="0.005"/>
  <testcase name="doublePearlDilutesBothPigmentsMildly()" classname="com.example.horsegenetics.common.coat.pattern.CoatTextureComposerTest" time="0.004"/>
  <testcase name="greyStaysNeutralInsteadOfWalkingIntoTheGradientsGolds()" classname="com.example.horsegenetics.common.coat.pattern.CoatTextureComposerTest" time="0.011"/>
  <testcase name="foalGetsTheSameTreatments()" classname="com.example.horsegenetics.common.coat.pattern.CoatTextureComposerTest" time="0.005"/>
  <testcase name="creamPlusPearlActsAsDoubleCream()" classname="com.example.horsegenetics.common.coat.pattern.CoatTextureComposerTest" time="0.005"/>
  <system-out><![CDATA[]]></system-out>
  <system-err><![CDATA[]]></system-err>
</testsuite>
