<?xml version="1.0" encoding="UTF-8"?>
<testsuite name="com.example.horsegenetics.common.genetics.GeneticCodeCombinerTest" tests="3" skipped="0" failures="0" errors="0" timestamp="2026-09-01T16:33:15.219Z" hostname="PERDIX" time="0.003">
  <properties/>
  <testcase name="homozygousDominantCrossHomozygousRecessiveIsHeterozygous()" classname="com.example.horsegenetics.common.genetics.GeneticCodeCombinerTest" time="0.001"/>
  <testcase name="everyGeneSegregates()" classname="com.example.horsegenetics.common.genetics.GeneticCodeCombinerTest" time="0.0"/>
  <testcase name="rejectsMalformedCodes()" classname="com.example.horsegenetics.common.genetics.GeneticCodeCombinerTest" time="0.001"/>
  <system-out><![CDATA[]]></system-out>
  <system-err><![CDATA[]]></system-err>
</testsuite>
